22:30:45: Creating resource group General
22:30:45: Creating resource group Internal
22:30:45: Creating resource group Autodetect
22:30:45: SceneManagerFactory for type 'DefaultSceneManager' registered.
22:30:45: Registering ResourceManager for type Material
22:30:45: Registering ResourceManager for type Mesh
22:30:45: Registering ResourceManager for type Skeleton
22:30:45: MovableObjectFactory for type 'ParticleSystem' registered.
22:30:45: OverlayElementFactory for type Panel registered.
22:30:45: OverlayElementFactory for type BorderPanel registered.
22:30:45: OverlayElementFactory for type TextArea registered.
22:30:45: Registering ResourceManager for type Font
22:30:45: ArchiveFactory for archive type FileSystem registered.
22:30:45: ArchiveFactory for archive type Zip registered.
22:30:45: DDS codec registering
22:30:45: FreeImage version: 3.15.1
22:30:45: This program uses FreeImage, a free, open source image library supporting all common bitmap formats. See http://freeimage.sourceforge.net for details
22:30:45: Supported formats: bmp,ico,jpg,jif,jpeg,jpe,jng,koa,iff,lbm,mng,pbm,pbm,pcd,pcx,pgm,pgm,png,ppm,ppm,ras,tga,targa,tif,tiff,wap,wbmp,wbm,psd,cut,xbm,xpm,gif,hdr,g3,sgi,exr,j2k,j2c,jp2,pfm,pct,pict,pic,3fr,arw,bay,bmq,cap,cine,cr2,crw,cs1,dc2,dcr,drf,dsc,dng,erf,fff,ia,iiq,k25,kc2,kdc,mdc,mef,mos,mrw,nef,nrw,orf,pef,ptx,pxn,qtk,raf,raw,rdc,rw2,rwl,rwz,sr2,srf,sti
22:30:45: Registering ResourceManager for type HighLevelGpuProgram
22:30:45: Registering ResourceManager for type Compositor
22:30:45: MovableObjectFactory for type 'Entity' registered.
22:30:45: MovableObjectFactory for type 'Light' registered.
22:30:45: MovableObjectFactory for type 'BillboardSet' registered.
22:30:45: MovableObjectFactory for type 'ManualObject' registered.
22:30:45: MovableObjectFactory for type 'BillboardChain' registered.
22:30:45: MovableObjectFactory for type 'RibbonTrail' registered.
22:30:45: *-*-* OGRE Initialising
22:30:45: *-*-* Version 1.7.4 (Cthugha)
22:30:45: Loading library /usr/lib/x86_64-linux-gnu/OGRE-1.7.4/RenderSystem_GL
22:30:45: Installing plugin: GL RenderSystem
22:30:45: OpenGL Rendering Subsystem created.
22:30:46: Plugin successfully installed
22:30:46: Loading library /usr/lib/x86_64-linux-gnu/OGRE-1.7.4/Plugin_OctreeSceneManager
22:30:46: Installing plugin: Octree & Terrain Scene Manager
22:30:46: Plugin successfully installed
22:30:46: Loading library /usr/lib/x86_64-linux-gnu/OGRE-1.7.4/Plugin_ParticleFX
22:30:46: Installing plugin: ParticleFX
22:30:46: Particle Emitter Type 'Point' registered
22:30:46: Particle Emitter Type 'Box' registered
22:30:46: Particle Emitter Type 'Ellipsoid' registered
22:30:46: Particle Emitter Type 'Cylinder' registered
22:30:46: Particle Emitter Type 'Ring' registered
22:30:46: Particle Emitter Type 'HollowEllipsoid' registered
22:30:46: Particle Affector Type 'LinearForce' registered
22:30:46: Particle Affector Type 'ColourFader' registered
22:30:46: Particle Affector Type 'ColourFader2' registered
22:30:46: Particle Affector Type 'ColourImage' registered
22:30:46: Particle Affector Type 'ColourInterpolator' registered
22:30:46: Particle Affector Type 'Scaler' registered
22:30:46: Particle Affector Type 'Rotator' registered
22:30:46: Particle Affector Type 'DirectionRandomiser' registered
22:30:46: Particle Affector Type 'DeflectorPlane' registered
22:30:46: Plugin successfully installed
22:30:46: CPU Identifier & Features
22:30:46: -------------------------
22:30:46:  *   CPU ID: GenuineIntel: Intel(R) Core(TM) i5-3210M CPU @ 2.50GHz
22:30:46:  *      SSE: yes
22:30:46:  *     SSE2: yes
22:30:46:  *     SSE3: yes
22:30:46:  *      MMX: yes
22:30:46:  *   MMXEXT: yes
22:30:46:  *    3DNOW: no
22:30:46:  * 3DNOWEXT: no
22:30:46:  *     CMOV: yes
22:30:46:  *      TSC: yes
22:30:46:  *      FPU: yes
22:30:46:  *      PRO: yes
22:30:46:  *       HT: no
22:30:46: -------------------------
22:30:46: ******************************
*** Starting GLX Subsystem ***
******************************
22:30:46: GLRenderSystem::_createRenderWindow "OgreWindow(0)", 1x1 windowed  miscParams: externalGLControl= macAPI=carbon parentWindowHandle=77594625 
22:30:46: GLXWindow::create used FBConfigID = 108
22:30:46: GL_VERSION = 3.0 Mesa 9.0.3
22:30:46: GL_VENDOR = Intel Open Source Technology Center
22:30:46: GL_RENDERER = Mesa DRI Intel(R) Ivybridge Mobile 
22:30:46: GL_EXTENSIONS = GL_ARB_multisample GL_EXT_abgr GL_EXT_bgra GL_EXT_blend_color GL_EXT_blend_minmax GL_EXT_blend_subtract GL_EXT_copy_texture GL_EXT_polygon_offset GL_EXT_subtexture GL_EXT_texture_object GL_EXT_vertex_array GL_EXT_compiled_vertex_array GL_EXT_texture GL_EXT_texture3D GL_IBM_rasterpos_clip GL_ARB_point_parameters GL_EXT_draw_range_elements GL_EXT_packed_pixels GL_EXT_point_parameters GL_EXT_rescale_normal GL_EXT_separate_specular_color GL_EXT_texture_edge_clamp GL_SGIS_generate_mipmap GL_SGIS_texture_border_clamp GL_SGIS_texture_edge_clamp GL_SGIS_texture_lod GL_ARB_framebuffer_sRGB GL_ARB_multitexture GL_EXT_framebuffer_sRGB GL_IBM_multimode_draw_arrays GL_IBM_texture_mirrored_repeat GL_3DFX_texture_compression_FXT1 GL_ARB_texture_cube_map GL_ARB_texture_env_add GL_ARB_transpose_matrix GL_EXT_blend_func_separate GL_EXT_fog_coord GL_EXT_multi_draw_arrays GL_EXT_secondary_color GL_EXT_texture_env_add GL_EXT_texture_filter_anisotropic GL_EXT_texture_lod_bias GL_INGR_blend_func_separate GL_NV_blend_square GL_NV_light_max_exponent GL_NV_texgen_reflection GL_NV_texture_env_combine4 GL_SUN_multi_draw_arrays GL_ARB_texture_border_clamp GL_ARB_texture_compression GL_EXT_framebuffer_object GL_EXT_texture_env_combine GL_EXT_texture_env_dot3 GL_MESA_window_pos GL_NV_packed_depth_stencil GL_NV_texture_rectangle GL_NV_vertex_program GL_ARB_depth_texture GL_ARB_occlusion_query GL_ARB_shadow GL_ARB_texture_env_combine GL_ARB_texture_env_crossbar GL_ARB_texture_env_dot3 GL_ARB_texture_mirrored_repeat GL_ARB_window_pos GL_ATI_envmap_bumpmap GL_EXT_stencil_two_side GL_EXT_texture_cube_map GL_NV_depth_clamp GL_NV_vertex_program1_1 GL_APPLE_packed_pixels GL_APPLE_vertex_array_object GL_ARB_draw_buffers GL_ARB_fragment_program GL_ARB_fragment_shader GL_ARB_shader_objects GL_ARB_vertex_program GL_ARB_vertex_shader GL_ATI_draw_buffers GL_ATI_texture_env_combine3 GL_ATI_texture_float GL_EXT_shadow_funcs GL_EXT_stencil_wrap GL_MESA_pack_invert GL_MESA_ycbcr_texture GL_NV_primitive_restart GL_ARB_depth_clamp GL_ARB_fragment_program_shadow GL_ARB_half_float_pixel GL_ARB_occlusion_query2 GL_ARB_point_sprite GL_ARB_shading_language_100 GL_ARB_sync GL_ARB_texture_non_power_of_two GL_ARB_vertex_buffer_object GL_ATI_blend_equation_separate GL_EXT_blend_equation_separate GL_OES_read_format GL_ARB_color_buffer_float GL_ARB_pixel_buffer_object GL_ARB_texture_compression_rgtc GL_ARB_texture_float GL_ARB_texture_rectangle GL_EXT_packed_float GL_EXT_pixel_buffer_object GL_EXT_texture_compression_rgtc GL_EXT_texture_rectangle GL_EXT_texture_sRGB GL_EXT_texture_shared_exponent GL_ARB_framebuffer_object GL_EXT_framebuffer_blit GL_EXT_framebuffer_multisample GL_EXT_packed_depth_stencil GL_APPLE_object_purgeable GL_ARB_vertex_array_object GL_ATI_separate_stencil GL_EXT_draw_buffers2 GL_EXT_draw_instanced GL_EXT_gpu_program_parameters GL_EXT_texture_array GL_EXT_texture_integer GL_EXT_texture_sRGB_decode GL_EXT_timer_query GL_OES_EGL_image GL_MESA_texture_array GL_ARB_copy_buffer GL_ARB_depth_buffer_float GL_ARB_draw_instanced GL_ARB_half_float_vertex GL_ARB_instanced_arrays GL_ARB_map_buffer_range GL_ARB_texture_rg GL_ARB_texture_swizzle GL_ARB_vertex_array_bgra GL_EXT_separate_shader_objects GL_EXT_texture_swizzle GL_EXT_vertex_array_bgra GL_NV_conditional_render GL_AMD_draw_buffers_blend GL_ARB_ES2_compatibility GL_ARB_blend_func_extended GL_ARB_debug_output GL_ARB_draw_buffers_blend GL_ARB_draw_elements_base_vertex GL_ARB_explicit_attrib_location GL_ARB_fragment_coord_conventions GL_ARB_provoking_vertex GL_ARB_sampler_objects GL_ARB_seamless_cube_map GL_ARB_shader_texture_lod GL_ARB_texture_rgb10_a2ui GL_ARB_uniform_buffer_object GL_EXT_provoking_vertex GL_EXT_texture_snorm GL_MESA_texture_signed_rgba GL_ARB_robustness GL_ARB_shader_bit_encoding GL_ARB_texture_storage GL_EXT_transform_feedback GL_ARB_invalidate_subdata 
22:30:46: Supported GLX extensions: GLX_ARB_create_context GLX_ARB_create_context_profile GLX_ARB_get_proc_address GLX_ARB_multisample GLX_EXT_import_context GLX_EXT_visual_info GLX_EXT_visual_rating GLX_EXT_create_context_es2_profile GLX_MESA_copy_sub_buffer GLX_MESA_multithread_makecurrent GLX_MESA_swap_control GLX_OML_swap_method GLX_OML_sync_control GLX_SGI_make_current_read GLX_SGI_swap_control GLX_SGI_video_sync GLX_SGIS_multisample GLX_SGIX_fbconfig GLX_SGIX_pbuffer GLX_SGIX_visual_select_group GLX_EXT_texture_from_pixmap GLX_INTEL_swap_event 
22:30:46: ***************************
22:30:46: *** GL Renderer Started ***
22:30:46: ***************************
22:30:46: Registering ResourceManager for type GpuProgram
22:30:46: GLSL support detected
22:30:46: GL: Using GL_EXT_framebuffer_object for rendering to textures (best)
22:30:46: FBO PF_UNKNOWN depth/stencil support: D0S1 D0S4 D0S8 D0S16 D16S0 D16S1 D16S4 D16S8 D16S16 D24S0 D24S1 D24S4 D24S8 D24S16 D32S0 D32S1 D32S4 D32S8 D32S16 Packed-D24S8 
22:30:46: FBO PF_A8 depth/stencil support: D0S0 D0S1 D0S4 D0S8 D0S16 D16S0 D16S1 D16S4 D16S8 D16S16 D24S0 D24S1 D24S4 D24S8 D24S16 D32S0 D32S1 D32S4 D32S8 D32S16 Packed-D24S8 
22:30:46: FBO PF_R5G6B5 depth/stencil support: D0S0 D0S1 D0S4 D0S8 D0S16 D16S0 D16S1 D16S4 D16S8 D16S16 D24S0 D24S1 D24S4 D24S8 D24S16 D32S0 D32S1 D32S4 D32S8 D32S16 Packed-D24S8 
22:30:46: FBO PF_B5G6R5 depth/stencil support: D0S0 D0S1 D0S4 D0S8 D0S16 D16S0 D16S1 D16S4 D16S8 D16S16 D24S0 D24S1 D24S4 D24S8 D24S16 D32S0 D32S1 D32S4 D32S8 D32S16 Packed-D24S8 
22:30:46: FBO PF_A4R4G4B4 depth/stencil support: D0S0 D0S1 D0S4 D0S8 D0S16 D16S0 D16S1 D16S4 D16S8 D16S16 D24S0 D24S1 D24S4 D24S8 D24S16 D32S0 D32S1 D32S4 D32S8 D32S16 Packed-D24S8 
22:30:46: FBO PF_A1R5G5B5 depth/stencil support: D0S0 D0S1 D0S4 D0S8 D0S16 D16S0 D16S1 D16S4 D16S8 D16S16 D24S0 D24S1 D24S4 D24S8 D24S16 D32S0 D32S1 D32S4 D32S8 D32S16 Packed-D24S8 
22:30:46: FBO PF_R8G8B8 depth/stencil support: D0S0 D0S1 D0S4 D0S8 D0S16 D16S0 D16S1 D16S4 D16S8 D16S16 D24S0 D24S1 D24S4 D24S8 D24S16 D32S0 D32S1 D32S4 D32S8 D32S16 Packed-D24S8 
22:30:46: FBO PF_B8G8R8 depth/stencil support: D0S0 D0S1 D0S4 D0S8 D0S16 D16S0 D16S1 D16S4 D16S8 D16S16 D24S0 D24S1 D24S4 D24S8 D24S16 D32S0 D32S1 D32S4 D32S8 D32S16 Packed-D24S8 
22:30:46: FBO PF_A8R8G8B8 depth/stencil support: D0S0 D0S1 D0S4 D0S8 D0S16 D16S0 D16S1 D16S4 D16S8 D16S16 D24S0 D24S1 D24S4 D24S8 D24S16 D32S0 D32S1 D32S4 D32S8 D32S16 Packed-D24S8 
22:30:46: FBO PF_B8G8R8A8 depth/stencil support: D0S0 D0S1 D0S4 D0S8 D0S16 D16S0 D16S1 D16S4 D16S8 D16S16 D24S0 D24S1 D24S4 D24S8 D24S16 D32S0 D32S1 D32S4 D32S8 D32S16 Packed-D24S8 
22:30:46: FBO PF_A2R10G10B10 depth/stencil support: D0S0 D0S1 D0S4 D0S8 D0S16 D16S0 D16S1 D16S4 D16S8 D16S16 D24S0 D24S1 D24S4 D24S8 D24S16 D32S0 D32S1 D32S4 D32S8 D32S16 Packed-D24S8 
22:30:46: FBO PF_A2B10G10R10 depth/stencil support: D0S0 D0S1 D0S4 D0S8 D0S16 D16S0 D16S1 D16S4 D16S8 D16S16 D24S0 D24S1 D24S4 D24S8 D24S16 D32S0 D32S1 D32S4 D32S8 D32S16 Packed-D24S8 
22:30:46: FBO PF_FLOAT16_RGB depth/stencil support: D0S0 D0S1 D0S4 D0S8 D0S16 D16S0 D16S1 D16S4 D16S8 D16S16 D24S0 D24S1 D24S4 D24S8 D24S16 D32S0 D32S1 D32S4 D32S8 D32S16 Packed-D24S8 
22:30:46: FBO PF_FLOAT16_RGBA depth/stencil support: D0S0 D0S1 D0S4 D0S8 D0S16 D16S0 D16S1 D16S4 D16S8 D16S16 D24S0 D24S1 D24S4 D24S8 D24S16 D32S0 D32S1 D32S4 D32S8 D32S16 Packed-D24S8 
22:30:46: FBO PF_FLOAT32_RGB depth/stencil support: D0S0 D0S1 D0S4 D0S8 D0S16 D16S0 D16S1 D16S4 D16S8 D16S16 D24S0 D24S1 D24S4 D24S8 D24S16 D32S0 D32S1 D32S4 D32S8 D32S16 Packed-D24S8 
22:30:46: FBO PF_FLOAT32_RGBA depth/stencil support: D0S0 D0S1 D0S4 D0S8 D0S16 D16S0 D16S1 D16S4 D16S8 D16S16 D24S0 D24S1 D24S4 D24S8 D24S16 D32S0 D32S1 D32S4 D32S8 D32S16 Packed-D24S8 
22:30:46: FBO PF_X8R8G8B8 depth/stencil support: D0S0 D0S1 D0S4 D0S8 D0S16 D16S0 D16S1 D16S4 D16S8 D16S16 D24S0 D24S1 D24S4 D24S8 D24S16 D32S0 D32S1 D32S4 D32S8 D32S16 Packed-D24S8 
22:30:46: FBO PF_X8B8G8R8 depth/stencil support: D0S0 D0S1 D0S4 D0S8 D0S16 D16S0 D16S1 D16S4 D16S8 D16S16 D24S0 D24S1 D24S4 D24S8 D24S16 D32S0 D32S1 D32S4 D32S8 D32S16 Packed-D24S8 
22:30:46: FBO PF_SHORT_RGBA depth/stencil support: D0S0 D0S1 D0S4 D0S8 D0S16 D16S0 D16S1 D16S4 D16S8 D16S16 D24S0 D24S1 D24S4 D24S8 D24S16 D32S0 D32S1 D32S4 D32S8 D32S16 Packed-D24S8 
22:30:46: FBO PF_R3G3B2 depth/stencil support: D0S0 D0S1 D0S4 D0S8 D0S16 D16S0 D16S1 D16S4 D16S8 D16S16 D24S0 D24S1 D24S4 D24S8 D24S16 D32S0 D32S1 D32S4 D32S8 D32S16 Packed-D24S8 
22:30:46: FBO PF_FLOAT16_R depth/stencil support: D0S0 D0S1 D0S4 D0S8 D0S16 D16S0 D16S1 D16S4 D16S8 D16S16 D24S0 D24S1 D24S4 D24S8 D24S16 D32S0 D32S1 D32S4 D32S8 D32S16 Packed-D24S8 
22:30:46: FBO PF_FLOAT32_R depth/stencil support: D0S0 D0S1 D0S4 D0S8 D0S16 D16S0 D16S1 D16S4 D16S8 D16S16 D24S0 D24S1 D24S4 D24S8 D24S16 D32S0 D32S1 D32S4 D32S8 D32S16 Packed-D24S8 
22:30:46: FBO PF_SHORT_RGB depth/stencil support: D0S0 D0S1 D0S4 D0S8 D0S16 D16S0 D16S1 D16S4 D16S8 D16S16 D24S0 D24S1 D24S4 D24S8 D24S16 D32S0 D32S1 D32S4 D32S8 D32S16 Packed-D24S8 
22:30:46: [GL] : Valid FBO targets PF_UNKNOWN PF_A8 PF_R5G6B5 PF_B5G6R5 PF_A4R4G4B4 PF_A1R5G5B5 PF_R8G8B8 PF_B8G8R8 PF_A8R8G8B8 PF_B8G8R8A8 PF_A2R10G10B10 PF_A2B10G10R10 PF_FLOAT16_RGB PF_FLOAT16_RGBA PF_FLOAT32_RGB PF_FLOAT32_RGBA PF_X8R8G8B8 PF_X8B8G8R8 PF_SHORT_RGBA PF_R3G3B2 PF_FLOAT16_R PF_FLOAT32_R PF_SHORT_RGB 
22:30:46: RenderSystem capabilities
22:30:46: -------------------------
22:30:46: RenderSystem Name: OpenGL Rendering Subsystem
22:30:46: GPU Vendor: intel
22:30:46: Device Name: Mesa DRI Intel(R) Ivybridge Mobile 
22:30:46: Driver Version: 3.0.0.0
22:30:46:  * Fixed function pipeline: yes
22:30:46:  * Hardware generation of mipmaps: no
22:30:46:  * Texture blending: yes
22:30:46:  * Anisotropic texture filtering: yes
22:30:46:  * Dot product texture operation: yes
22:30:46:  * Cube mapping: yes
22:30:46:  * Hardware stencil buffer: yes
22:30:46:    - Stencil depth: 8
22:30:46:    - Two sided stencil support: yes
22:30:46:    - Wrap stencil values: yes
22:30:46:  * Hardware vertex / index buffers: yes
22:30:46:  * Vertex programs: yes
22:30:46:  * Number of floating-point constants for vertex programs: 4096
22:30:46:  * Number of integer constants for vertex programs: 0
22:30:46:  * Number of boolean constants for vertex programs: 0
22:30:46:  * Fragment programs: yes
22:30:46:  * Number of floating-point constants for fragment programs: 4096
22:30:46:  * Number of integer constants for fragment programs: 0
22:30:46:  * Number of boolean constants for fragment programs: 0
22:30:46:  * Geometry programs: no
22:30:46:  * Number of floating-point constants for geometry programs: 0
22:30:46:  * Number of integer constants for geometry programs: 0
22:30:46:  * Number of boolean constants for geometry programs: 0
22:30:46:  * Supported Shader Profiles: arbfp1 arbvp1 glsl
22:30:46:  * Texture Compression: yes
22:30:46:    - DXT: no
22:30:46:    - VTC: no
22:30:46:    - PVRTC: no
22:30:46:  * Scissor Rectangle: yes
22:30:46:  * Hardware Occlusion Query: yes
22:30:46:  * User clip planes: yes
22:30:46:  * VET_UBYTE4 vertex element type: yes
22:30:46:  * Infinite far plane projection: yes
22:30:46:  * Hardware render-to-texture: yes
22:30:46:  * Floating point textures: yes
22:30:46:  * Non-power-of-two textures: yes
22:30:46:  * Volume textures: yes
22:30:46:  * Multiple Render Targets: 8
22:30:46:    - With different bit depths: yes
22:30:46:  * Point Sprites: yes
22:30:46:  * Extended point parameters: yes
22:30:46:  * Max Point Size: 255
22:30:46:  * Vertex texture fetch: yes
22:30:46:  * Number of world matrices: 0
22:30:46:  * Number of texture units: 16
22:30:46:  * Stencil buffer depth: 8
22:30:46:  * Number of vertex blend matrices: 0
22:30:46:    - Max vertex textures: 16
22:30:46:    - Vertex textures shared: yes
22:30:46:  * Render to Vertex Buffer : no
22:30:46:  * GL 1.5 without VBO workaround: no
22:30:46:  * Frame Buffer objects: yes
22:30:46:  * Frame Buffer objects (ARB extension): no
22:30:46:  * Frame Buffer objects (ATI extension): no
22:30:46:  * PBuffer support: yes
22:30:46:  * GL 1.5 without HW-occlusion workaround: no
22:30:46: Registering ResourceManager for type Texture
22:30:46: DefaultWorkQueue('Root') initialising on thread 0x62f7600.
22:30:46: DefaultWorkQueue('Root')::WorkerFunc - thread 0x6461050 starting.
22:30:46: DefaultWorkQueue('Root')::WorkerFunc - thread 0x6483b30 starting.
22:30:46: DefaultWorkQueue('Root')::WorkerFunc - thread 0x62b2e80 starting.
22:30:46: Particle Renderer Type 'billboard' registered
22:30:46: SceneManagerFactory for type 'OctreeSceneManager' registered.
22:30:46: SceneManagerFactory for type 'TerrainSceneManager' registered.
22:30:46: DefaultWorkQueue('Root')::WorkerFunc - thread 0x6466990 starting.
22:30:46: Creating resource group rviz
22:30:46: Added resource location '/opt/ros/groovy/share/rviz/ogre_media' of type 'FileSystem' to resource group 'rviz'
22:30:46: Added resource location '/opt/ros/groovy/share/rviz/ogre_media/textures' of type 'FileSystem' to resource group 'rviz'
22:30:46: Added resource location '/opt/ros/groovy/share/rviz/ogre_media/fonts' of type 'FileSystem' to resource group 'rviz'
22:30:46: Added resource location '/opt/ros/groovy/share/rviz/ogre_media/models' of type 'FileSystem' to resource group 'rviz'
22:30:46: Added resource location '/opt/ros/groovy/share/rviz/ogre_media/materials' of type 'FileSystem' to resource group 'rviz'
22:30:46: Added resource location '/opt/ros/groovy/share/rviz/ogre_media/materials/scripts' of type 'FileSystem' to resource group 'rviz'
22:30:46: Added resource location '/opt/ros/groovy/share/rviz/ogre_media/materials/glsl120' of type 'FileSystem' to resource group 'rviz'
22:30:46: Added resource location '/opt/ros/groovy/share/rviz/ogre_media/materials/glsl120/nogp' of type 'FileSystem' to resource group 'rviz'
22:30:46: Added resource location '/opt/ros/groovy/share/rviz/ogre_media/materials/scripts120' of type 'FileSystem' to resource group 'rviz'
22:30:46: Parsing scripts for resource group Autodetect
22:30:46: Finished parsing scripts for resource group Autodetect
22:30:46: Parsing scripts for resource group General
22:30:46: Finished parsing scripts for resource group General
22:30:46: Parsing scripts for resource group Internal
22:30:46: Finished parsing scripts for resource group Internal
22:30:46: Parsing scripts for resource group rviz
22:30:46: Parsing script glsl120.program
22:30:46: GLSL compiled : rviz/glsl120/include/pack_depth.frag
22:30:46: GLSL compiled : rviz/glsl120/include/circle_impl.frag
22:30:46: GLSL compiled : rviz/glsl120/depth_circle.frag
22:30:46: GLSL compiled : rviz/glsl120/include/pack_depth.frag
22:30:46: GLSL compiled : rviz/glsl120/depth.frag
22:30:46: GLSL compiled : rviz/glsl120/include/pass_depth.vert
22:30:46: GLSL compiled : rviz/glsl120/depth.vert
22:30:46: GLSL compiled : rviz/glsl120/flat_color.frag
22:30:46: GLSL compiled : rviz/glsl120/include/circle_impl.frag
22:30:46: GLSL compiled : rviz/glsl120/flat_color_circle.frag
22:30:46: GLSL compiled : rviz/glsl120/include/circle_impl.frag
22:30:46: GLSL compiled : rviz/glsl120/include/circle_impl.frag
22:30:46: GLSL compiled : rviz/glsl120/pickcolor_circle.frag
22:30:46: GLSL compiled : rviz/glsl120/pickcolor.frag
22:30:46: GLSL compiled : rviz/glsl120/point.vert
22:30:46: GLSL compiled : rviz/glsl120/include/pass_depth.vert
22:30:46: GLSL compiled : rviz/glsl120/point.vert(with_depth)
22:30:46: GLSL compiled : rviz/glsl120/shaded_circle.frag
22:30:46: GLSL compiled : rviz/glsl120/smooth_square.frag
22:30:46: Parsing script nogp.program
22:30:46: GLSL compiled : rviz/glsl120/nogp/billboard_tile.vert
22:30:46: GLSL compiled : rviz/glsl120/include/pass_depth.vert
22:30:46: GLSL compiled : rviz/glsl120/nogp/billboard_tile.vert(with_depth)
22:30:46: GLSL compiled : rviz/glsl120/nogp/billboard.vert
22:30:46: GLSL compiled : rviz/glsl120/include/pass_depth.vert
22:30:46: GLSL compiled : rviz/glsl120/nogp/billboard.vert(with_depth)
22:30:46: GLSL compiled : rviz/glsl120/nogp/box.vert
22:30:46: GLSL compiled : rviz/glsl120/include/pass_depth.vert
22:30:46: GLSL compiled : rviz/glsl120/nogp/box.vert(with_depth)
22:30:46: GLSL compiled : rviz/glsl120/nogp/box.frag
22:30:46: Parsing script point_cloud_tile.material
22:30:46: GLSL compiled : rviz/glsl120/pass_color.frag
22:30:46: Parsing script default_pick_and_depth.material
22:30:46: GLSL compiled : rviz/glsl120/black.frag
22:30:46: Parsing script point_cloud_point.material
22:30:46: GLSL compiled : rviz/glsl120/pass_color_circle.frag
22:30:46: Parsing script point_cloud_square.material
22:30:46: Parsing script point_cloud_flat_square.material
22:30:46: Parsing script point_cloud_sphere.material
22:30:46: Parsing script point_cloud_box.material
22:30:46: Parsing script arial.fontdef
22:30:46: Finished parsing scripts for resource group rviz
22:30:46: GLRenderSystem::_createRenderWindow "OgreWindow(1)", 100x30 windowed  miscParams: externalGLControl= macAPI=carbon parentWindowHandle=92274868 
22:30:46: GLXWindow::create used FBConfigID = 108
22:30:47: Mesh: Loading rviz_sphere.mesh.
22:30:47: Texture: SelectionRect0Texture: Loading 1 faces(PF_R8G8B8A8,1x1x1) with 0 generated mipmaps from Image. Internal format is PF_A8R8G8B8,1x1x1.
22:30:47: Mesh: Loading rviz_cylinder.mesh.
22:30:47: Mesh: Loading rviz_cone.mesh.
22:30:49: Texture: ROSImageTexture0: Loading 1 faces(PF_A8R8G8B8,420x300x1) with 0 generated mipmaps from Image. Internal format is PF_A8R8G8B8,420x300x1.
22:30:49: Texture: ROSImageTexture1: Loading 1 faces(PF_A8R8G8B8,420x300x1) with 0 generated mipmaps from Image. Internal format is PF_A8R8G8B8,420x300x1.
22:30:49: GLRenderSystem::_createRenderWindow "OgreWindow(2)", 683x307 windowed  miscParams: externalGLControl= macAPI=carbon parentWindowHandle=92275099 
22:30:49: GLXWindow::create used FBConfigID = 108
22:30:49: Texture: ROSImageTexture1: Loading 1 faces(PF_A8R8G8B8,420x300x1) with 0 generated mipmaps from Image. Internal format is PF_A8R8G8B8,420x300x1.
22:30:49: Texture: ROSImageTexture1: Loading 1 faces(PF_A8R8G8B8,420x300x1) with 0 generated mipmaps from Image. Internal format is PF_A8R8G8B8,420x300x1.
22:30:50: Material package://hector_quadrotor_description/meshes/quadrotor/quadrotor_base.daeMaterial0 was requested with isManual=true, but this is not applicable for materials; the flag has been reset to false
22:30:50: Material package://hector_quadrotor_description/meshes/quadrotor/quadrotor_base.daeMaterial1 was requested with isManual=true, but this is not applicable for materials; the flag has been reset to false
22:30:50: Material package://hector_quadrotor_description/meshes/quadrotor/quadrotor_base.daeMaterial2 was requested with isManual=true, but this is not applicable for materials; the flag has been reset to false
22:30:50: Material package://hector_quadrotor_description/meshes/quadrotor/quadrotor_base.daeMaterial3 was requested with isManual=true, but this is not applicable for materials; the flag has been reset to false
22:30:50: Mesh: Loading rviz_cube.mesh.
22:30:50: Material package://hector_sensors_description/meshes/sonar_sensor/max_sonar_ez4.daeMaterial0 was requested with isManual=true, but this is not applicable for materials; the flag has been reset to false
22:30:50: Material package://hector_sensors_description/meshes/sonar_sensor/max_sonar_ez4.daeMaterial1 was requested with isManual=true, but this is not applicable for materials; the flag has been reset to false
22:30:50: GLRenderSystem::_createRenderWindow "OgreWindow(3)", 683x307 windowed  miscParams: externalGLControl= macAPI=carbon parentWindowHandle=92275126 
22:30:50: GLXWindow::create used FBConfigID = 108
22:30:50: Texture: ROSImageTexture0: Loading 1 faces(PF_A8R8G8B8,420x300x1) with 0 generated mipmaps from Image. Internal format is PF_A8R8G8B8,420x300x1.
22:30:51: Font Arialusing texture size 512x512
22:30:51: Info: Freetype returned null for character 160 in font Arial
22:30:51: Texture: ArialTexture: Loading 1 faces(PF_BYTE_LA,512x512x1) with 0 generated mipmaps from Image. Internal format is PF_BYTE_LA,512x512x1.
22:30:51: Error attaching rviz/glsl120/nogp/billboard.vert shader object to GLSL Program Objectinvalid value
22:30:51: Error attaching rviz/glsl120/flat_color.frag shader object to GLSL Program Objectinvalid value
22:30:51: GLSL link result : 
22:30:52: Error attaching rviz/glsl120/nogp/billboard.vert shader object to GLSL Program Objectinvalid value
22:30:52: Error attaching rviz/glsl120/pickcolor.frag shader object to GLSL Program Objectinvalid value
22:30:52: GLSL link result : 
22:30:52: Error attaching rviz/glsl120/black.frag shader object to GLSL Program Objectinvalid value
22:30:52: GLSL link result : 
22:30:52: Error prior to using GLSL Program Object : invalid operation
22:30:52: Error prior to using GLSL Program Object : invalid operation
22:30:52: Error prior to using GLSL Program Object : invalid operation
22:30:52: Error prior to using GLSL Program Object : invalid operation
22:30:52: Error prior to using GLSL Program Object : invalid operation
22:30:52: Error prior to using GLSL Program Object : invalid operation
22:30:52: Error prior to using GLSL Program Object : invalid operation
22:30:52: Error prior to using GLSL Program Object : invalid operation
22:30:52: Error prior to using GLSL Program Object : invalid operation
22:30:52: Error prior to using GLSL Program Object : invalid operation
22:30:52: Error prior to using GLSL Program Object : invalid operation
22:30:52: Error prior to using GLSL Program Object : invalid operation
22:30:52: Error prior to using GLSL Program Object : invalid operation
22:30:52: Error prior to using GLSL Program Object : invalid operation
22:30:54: Error prior to using GLSL Program Object : invalid operation
22:30:54: Error prior to using GLSL Program Object : invalid operation
22:30:54: Error prior to using GLSL Program Object : invalid operation
22:30:54: Error prior to using GLSL Program Object : invalid operation
22:30:54: Error prior to using GLSL Program Object : invalid operation
22:30:54: Error prior to using GLSL Program Object : invalid operation
22:30:54: Error prior to using GLSL Program Object : invalid operation
22:30:55: Error prior to using GLSL Program Object : invalid operation
22:30:55: Error prior to using GLSL Program Object : invalid operation
22:30:55: Error prior to using GLSL Program Object : invalid operation
22:30:55: Error prior to using GLSL Program Object : invalid operation
22:30:55: Error prior to using GLSL Program Object : invalid operation
22:30:55: Error prior to using GLSL Program Object : invalid operation
22:30:56: Error prior to using GLSL Program Object : invalid operation
22:30:56: Error prior to using GLSL Program Object : invalid operation
22:30:56: Error prior to using GLSL Program Object : invalid operation
22:30:56: Error prior to using GLSL Program Object : invalid operation
22:30:56: Error prior to using GLSL Program Object : invalid operation
22:30:56: Error prior to using GLSL Program Object : invalid operation
22:30:56: Error prior to using GLSL Program Object : invalid operation
22:30:56: Error prior to using GLSL Program Object : invalid operation
22:30:56: Error prior to using GLSL Program Object : invalid operation
22:30:56: Error prior to using GLSL Program Object : invalid operation
22:30:56: Error prior to using GLSL Program Object : invalid operation
22:30:56: Error prior to using GLSL Program Object : invalid operation
22:30:56: Error prior to using GLSL Program Object : invalid operation
22:30:56: Error prior to using GLSL Program Object : invalid operation
22:30:56: Error prior to using GLSL Program Object : invalid operation
22:30:56: Error prior to using GLSL Program Object : invalid operation
22:30:57: Error prior to using GLSL Program Object : invalid operation
22:30:57: Error prior to using GLSL Program Object : invalid operation
22:30:57: Error prior to using GLSL Program Object : invalid operation
22:30:57: Error prior to using GLSL Program Object : invalid operation
22:30:57: Error prior to using GLSL Program Object : invalid operation
22:30:57: Error prior to using GLSL Program Object : invalid operation
22:30:57: Error prior to using GLSL Program Object : invalid operation
22:30:57: Error prior to using GLSL Program Object : invalid operation
22:30:57: Error prior to using GLSL Program Object : invalid operation
22:30:57: Error prior to using GLSL Program Object : invalid operation
22:30:57: Error prior to using GLSL Program Object : invalid operation
22:30:57: Error prior to using GLSL Program Object : invalid operation
22:30:57: Error prior to using GLSL Program Object : invalid operation
22:30:57: Error prior to using GLSL Program Object : invalid operation
22:30:57: Error prior to using GLSL Program Object : invalid operation
22:30:57: Error prior to using GLSL Program Object : invalid operation
22:30:57: Error prior to using GLSL Program Object : invalid operation
22:30:57: Error prior to using GLSL Program Object : invalid operation
22:30:57: Error prior to using GLSL Program Object : invalid operation
22:30:57: Error prior to using GLSL Program Object : invalid operation
22:30:57: Error prior to using GLSL Program Object : invalid operation
22:30:58: Error prior to using GLSL Program Object : invalid operation
22:30:58: Error prior to using GLSL Program Object : invalid operation
22:30:58: Error prior to using GLSL Program Object : invalid operation
22:30:58: Error prior to using GLSL Program Object : invalid operation
22:30:58: Error prior to using GLSL Program Object : invalid operation
22:30:58: Error prior to using GLSL Program Object : invalid operation
22:30:58: Error prior to using GLSL Program Object : invalid operation
22:30:58: Error prior to using GLSL Program Object : invalid operation
22:30:58: Error prior to using GLSL Program Object : invalid operation
22:30:58: Error prior to using GLSL Program Object : invalid operation
22:30:58: Error prior to using GLSL Program Object : invalid operation
22:30:58: Error prior to using GLSL Program Object : invalid operation
22:30:58: Error prior to using GLSL Program Object : invalid operation
22:30:58: Error prior to using GLSL Program Object : invalid operation
22:30:58: Error prior to using GLSL Program Object : invalid operation
22:30:58: Error prior to using GLSL Program Object : invalid operation
22:30:58: Error prior to using GLSL Program Object : invalid operation
22:30:58: Error prior to using GLSL Program Object : invalid operation
22:30:58: Error prior to using GLSL Program Object : invalid operation
22:30:58: Error prior to using GLSL Program Object : invalid operation
22:30:58: Error prior to using GLSL Program Object : invalid operation
22:30:58: Error prior to using GLSL Program Object : invalid operation
22:30:58: Error prior to using GLSL Program Object : invalid operation
22:30:58: Error prior to using GLSL Program Object : invalid operation
22:30:58: Error prior to using GLSL Program Object : invalid operation
22:30:58: Error prior to using GLSL Program Object : invalid operation
22:30:58: Error prior to using GLSL Program Object : invalid operation
22:30:58: Error prior to using GLSL Program Object : invalid operation
22:30:58: Error prior to using GLSL Program Object : invalid operation
22:30:58: Error prior to using GLSL Program Object : invalid operation
22:30:59: Error prior to using GLSL Program Object : invalid operation
22:30:59: Error prior to using GLSL Program Object : invalid operation
22:30:59: Error prior to using GLSL Program Object : invalid operation
22:30:59: Error prior to using GLSL Program Object : invalid operation
22:30:59: Error prior to using GLSL Program Object : invalid operation
22:30:59: Error prior to using GLSL Program Object : invalid operation
22:30:59: Error prior to using GLSL Program Object : invalid operation
22:30:59: Error prior to using GLSL Program Object : invalid operation
22:30:59: Error prior to using GLSL Program Object : invalid operation
22:30:59: Error prior to using GLSL Program Object : invalid operation
22:30:59: Error prior to using GLSL Program Object : invalid operation
22:30:59: Error prior to using GLSL Program Object : invalid operation
22:30:59: Error prior to using GLSL Program Object : invalid operation
22:30:59: Error prior to using GLSL Program Object : invalid operation
22:30:59: Error prior to using GLSL Program Object : invalid operation
22:30:59: Error prior to using GLSL Program Object : invalid operation
22:30:59: Error prior to using GLSL Program Object : invalid operation
22:30:59: Error prior to using GLSL Program Object : invalid operation
22:30:59: Error prior to using GLSL Program Object : invalid operation
22:30:59: Error prior to using GLSL Program Object : invalid operation
22:30:59: Error prior to using GLSL Program Object : invalid operation
22:30:59: Error prior to using GLSL Program Object : invalid operation
22:31:04: Error prior to using GLSL Program Object : invalid operation
22:31:04: Error prior to using GLSL Program Object : invalid operation
22:31:04: Error prior to using GLSL Program Object : invalid operation
22:31:04: Error prior to using GLSL Program Object : invalid operation
